[     400ms] [WARNING] [Elastic APM] RUM agent is inactive @ https://media.foundit.in/public/core/_next/static/chunks/app/page-bb629af2af4ebf3f.js:0
[     792ms] [ERROR] CleverTap [1770659667781]: CleverTap error: 545: Null value for key 'utm_campaign' was removed @ https://media.foundit.in/public/core/_next/static/chunks/main-app-4e4edc63c2c4b224.js:0
[     792ms] [ERROR] CleverTap [1770659667781]: CleverTap error: 545: Null value for key 'utm_medium' was removed @ https://media.foundit.in/public/core/_next/static/chunks/main-app-4e4edc63c2c4b224.js:0
[     792ms] [ERROR] CleverTap [1770659667781]: CleverTap error: 545: Null value for key 'utm_source' was removed @ https://media.foundit.in/public/core/_next/static/chunks/main-app-4e4edc63c2c4b224.js:0
[     792ms] [ERROR] CleverTap [1770659667781]: CleverTap error: 545: Null value for key 'utm_content' was removed @ https://media.foundit.in/public/core/_next/static/chunks/main-app-4e4edc63c2c4b224.js:0
[     792ms] [ERROR] CleverTap [1770659667781]: CleverTap error: 545: Null value for key 'utm_term' was removed @ https://media.foundit.in/public/core/_next/static/chunks/main-app-4e4edc63c2c4b224.js:0
[    1195ms] [WARNING] [GSI_LOGGER]: Your client application uses one of the Google One Tap prompt UI status methods that may stop functioning when FedCM becomes mandatory. Refer to the migration guide to update your code accordingly and opt-in to FedCM to test your changes. Learn more: https://developers.google.com/identity/gsi/web/guides/fedcm-migration?s=dc#display_moment and https://developers.google.com/identity/gsi/web/guides/fedcm-migration?s=dc#skipped_moment @ https://accounts.google.com/gsi/client:80
[    1589ms] [ERROR] Attestation check for Shared Storage on https://www.googleadservices.com failed. @ https://www.googleadservices.com/pagead/managed/js/activeview/current/reach_worklet.html:0
[    1772ms] [ERROR] Attestation check for Attribution Reporting on https://www.facebook.com failed. @ https://www.foundit.in/:0
[    5366ms] [WARNING] The resource https://media.foundit.in/public/core/_next/static/media/103fb0c975d13c4f-s.p.woff2 was preloaded using link preload but not used within a few seconds from the window's load event. Please make sure it has an appropriate `as` value and it is preloaded intentionally. @ https://www.foundit.in/:0
[    8923ms] [ERROR] The request has been aborted. @ https://www.foundit.in/:0
[    8923ms] [ERROR] [GSI_LOGGER]: FedCM get() rejects with AbortError: signal is aborted without reason @ https://media.foundit.in/public/core/_next/static/chunks/main-app-4e4edc63c2c4b224.js:0
[    9217ms] [WARNING] [Elastic APM] RUM agent is inactive @ https://media.foundit.in/public/v2/seeker/_next/static/chunks/5059-ad6c0bd74da90670.js:0
[    9454ms] [ERROR] Only one navigator.credentials.get request may be outstanding at one time. @ https://www.foundit.in/rio/login/seeker?return_url=/user:0
[    9454ms] [ERROR] [GSI_LOGGER]: FedCM get() rejects with NotAllowedError: Only one navigator.credentials.get request may be outstanding at one time. @ https://media.foundit.in/public/v2/seeker/_next/static/chunks/1528-c8cb887843e83300.js:0
[    9494ms] [ERROR] CleverTap [1770659676483]: CleverTap error: 545: Null value for key 'sub_channel_id' was removed @ https://media.foundit.in/public/v2/seeker/_next/static/chunks/1528-c8cb887843e83300.js:0
[    9495ms] [ERROR] CleverTap [1770659676485]: CleverTap error: 545: Null value for key 'page_name' was removed @ https://media.foundit.in/public/v2/seeker/_next/static/chunks/1528-c8cb887843e83300.js:0
[    9496ms] [ERROR] CleverTap [1770659676485]: CleverTap error: 545: Null value for key 'utm_campaign' was removed @ https://media.foundit.in/public/v2/seeker/_next/static/chunks/1528-c8cb887843e83300.js:0
[    9496ms] [ERROR] CleverTap [1770659676485]: CleverTap error: 545: Null value for key 'utm_medium' was removed @ https://media.foundit.in/public/v2/seeker/_next/static/chunks/1528-c8cb887843e83300.js:0
[    9496ms] [ERROR] CleverTap [1770659676485]: CleverTap error: 545: Null value for key 'utm_source' was removed @ https://media.foundit.in/public/v2/seeker/_next/static/chunks/1528-c8cb887843e83300.js:0
[    9496ms] [ERROR] CleverTap [1770659676485]: CleverTap error: 545: Null value for key 'utm_content' was removed @ https://media.foundit.in/public/v2/seeker/_next/static/chunks/1528-c8cb887843e83300.js:0
[    9496ms] [ERROR] CleverTap [1770659676485]: CleverTap error: 545: Null value for key 'utm_term' was removed @ https://media.foundit.in/public/v2/seeker/_next/static/chunks/1528-c8cb887843e83300.js:0
[    9836ms] [ERROR] Attestation check for Attribution Reporting on https://www.facebook.com failed. @ https://www.foundit.in/rio/login/seeker?return_url=/user:0
[   16334ms] [ERROR] The request has been aborted. @ https://www.foundit.in/rio/login/seeker?return_url=/user:0
[   16335ms] [ERROR] [GSI_LOGGER]: FedCM get() rejects with AbortError: signal is aborted without reason @ https://media.foundit.in/public/v2/seeker/_next/static/chunks/1528-c8cb887843e83300.js:0
[   34491ms] [ERROR] Cross-Origin-Opener-Policy policy would block the window.postMessage call. @ https://accounts.google.com/gsi/client:348
[   34492ms] [ERROR] Cross-Origin-Opener-Policy policy would block the window.postMessage call. @ https://accounts.google.com/gsi/client:348
[   35101ms] [WARNING] [Elastic APM] RUM agent is inactive @ https://media.foundit.in/public/core/_next/static/chunks/app/(Engagement)/user/page-55d650a2b5980452.js:0
[   35265ms] [ERROR] CleverTap [1770659702254]: CleverTap error: 545: Null value for key 'utm_campaign' was removed @ https://media.foundit.in/public/core/_next/static/chunks/main-app-4e4edc63c2c4b224.js:0
[   35265ms] [ERROR] CleverTap [1770659702255]: CleverTap error: 545: Null value for key 'utm_medium' was removed @ https://media.foundit.in/public/core/_next/static/chunks/main-app-4e4edc63c2c4b224.js:0
[   35265ms] [ERROR] CleverTap [1770659702255]: CleverTap error: 545: Null value for key 'utm_source' was removed @ https://media.foundit.in/public/core/_next/static/chunks/main-app-4e4edc63c2c4b224.js:0
[   35265ms] [ERROR] CleverTap [1770659702255]: CleverTap error: 545: Null value for key 'utm_content' was removed @ https://media.foundit.in/public/core/_next/static/chunks/main-app-4e4edc63c2c4b224.js:0
[   35265ms] [ERROR] CleverTap [1770659702255]: CleverTap error: 545: Null value for key 'utm_term' was removed @ https://media.foundit.in/public/core/_next/static/chunks/main-app-4e4edc63c2c4b224.js:0
[   35712ms] [ERROR] Attestation check for Attribution Reporting on https://www.facebook.com failed. @ https://www.foundit.in/user:0
[   35920ms] [ERROR] Attestation check for Shared Storage on https://www.googleadservices.com failed. @ https://www.googleadservices.com/pagead/managed/js/activeview/current/reach_worklet.html:0
[   44550ms] [WARNING] The resource https://media.foundit.in/public/core/_next/static/media/103fb0c975d13c4f-s.p.woff2 was preloaded using link preload but not used within a few seconds from the window's load event. Please make sure it has an appropriate `as` value and it is preloaded intentionally. @ https://www.foundit.in/user:0
[   48749ms] [WARNING] The resource https://media.foundit.in/public/core/_next/static/media/103fb0c975d13c4f-s.p.woff2 was preloaded using link preload but not used within a few seconds from the window's load event. Please make sure it has an appropriate `as` value and it is preloaded intentionally. @ https://www.foundit.in/user:0
[   54035ms] [WARNING] The resource https://media.foundit.in/public/core/_next/static/media/103fb0c975d13c4f-s.p.woff2 was preloaded using link preload but not used within a few seconds from the window's load event. Please make sure it has an appropriate `as` value and it is preloaded intentionally. @ https://www.foundit.in/user:0
[   59876ms] [WARNING] The resource https://media.foundit.in/public/core/_next/static/media/103fb0c975d13c4f-s.p.woff2 was preloaded using link preload but not used within a few seconds from the window's load event. Please make sure it has an appropriate `as` value and it is preloaded intentionally. @ https://www.foundit.in/user:0
[   69114ms] [WARNING] The resource https://media.foundit.in/public/core/_next/static/media/103fb0c975d13c4f-s.p.woff2 was preloaded using link preload but not used within a few seconds from the window's load event. Please make sure it has an appropriate `as` value and it is preloaded intentionally. @ https://www.foundit.in/user:0
[   75847ms] [WARNING] The resource https://media.foundit.in/public/core/_next/static/media/103fb0c975d13c4f-s.p.woff2 was preloaded using link preload but not used within a few seconds from the window's load event. Please make sure it has an appropriate `as` value and it is preloaded intentionally. @ https://www.foundit.in/user:0
[   80912ms] [WARNING] [Elastic APM] RUM agent is inactive @ https://media.foundit.in/public/core/_next/static/chunks/app/(Engagement)/search/%5B...slug%5D/page-fa4546eba8ef24d5.js:0
[   81116ms] [ERROR] CleverTap [1770659748105]: CleverTap error: 545: Null value for key 'utm_campaign' was removed @ https://media.foundit.in/public/core/_next/static/chunks/main-app-4e4edc63c2c4b224.js:0
[   81116ms] [ERROR] CleverTap [1770659748106]: CleverTap error: 545: Null value for key 'utm_medium' was removed @ https://media.foundit.in/public/core/_next/static/chunks/main-app-4e4edc63c2c4b224.js:0
[   81116ms] [ERROR] CleverTap [1770659748106]: CleverTap error: 545: Null value for key 'utm_source' was removed @ https://media.foundit.in/public/core/_next/static/chunks/main-app-4e4edc63c2c4b224.js:0
[   81116ms] [ERROR] CleverTap [1770659748106]: CleverTap error: 545: Null value for key 'utm_content' was removed @ https://media.foundit.in/public/core/_next/static/chunks/main-app-4e4edc63c2c4b224.js:0
[   81116ms] [ERROR] CleverTap [1770659748106]: CleverTap error: 545: Null value for key 'utm_term' was removed @ https://media.foundit.in/public/core/_next/static/chunks/main-app-4e4edc63c2c4b224.js:0
[   81390ms] [ERROR] CleverTap [1770659748380]: CleverTap error: 545: Null value for key 'experience_range_searched' was removed @ https://media.foundit.in/public/core/_next/static/chunks/main-app-4e4edc63c2c4b224.js:0
[   81390ms] [ERROR] CleverTap [1770659748380]: CleverTap error: 545: Null value for key 'jobFreshnessSearched' was removed @ https://media.foundit.in/public/core/_next/static/chunks/main-app-4e4edc63c2c4b224.js:0
[   81734ms] [ERROR] Attestation check for Attribution Reporting on https://www.facebook.com failed. @ https://www.foundit.in/search/senior-full-stack-jobs-in-remote?query=Senior%20Full%20Stack&locations=Remote&experienceRanges=3~3&experience=3&queryDerived=true:0
[   81941ms] [ERROR] Attestation check for Shared Storage on https://www.googleadservices.com failed. @ https://www.googleadservices.com/pagead/managed/js/activeview/current/reach_worklet.html:0
[   91539ms] [WARNING] The resource https://media.foundit.in/public/core/_next/static/media/103fb0c975d13c4f-s.p.woff2 was preloaded using link preload but not used within a few seconds from the window's load event. Please make sure it has an appropriate `as` value and it is preloaded intentionally. @ https://www.foundit.in/search/senior-full-stack-jobs-in-remote?query=Senior%20Full%20Stack&locations=Remote&experienceRanges=3~3&experience=3&queryDerived=true:0
[   95137ms] [WARNING] Failed to execute 'postMessage' on 'DOMWindow': The target origin provided ('https://www.google.com') does not match the recipient window's origin ('https://www.foundit.in'). @ https://www.googletagmanager.com/gtm.js?id=GTM-NGL6ZM:631
[   95137ms] [WARNING] Failed to execute 'postMessage' on 'DOMWindow': The target origin provided ('https://www.youtube.com') does not match the recipient window's origin ('https://www.foundit.in'). @ https://www.googletagmanager.com/gtm.js?id=GTM-NGL6ZM:631
[   95137ms] [WARNING] Failed to execute 'postMessage' on 'DOMWindow': The target origin provided ('https://m.youtube.com') does not match the recipient window's origin ('https://www.foundit.in'). @ https://www.googletagmanager.com/gtm.js?id=GTM-NGL6ZM:631
[   97256ms] [WARNING] The resource https://media.foundit.in/public/core/_next/static/media/103fb0c975d13c4f-s.p.woff2 was preloaded using link preload but not used within a few seconds from the window's load event. Please make sure it has an appropriate `as` value and it is preloaded intentionally. @ https://www.foundit.in/search/senior-full-stack-jobs-in-remote?query=Senior%20Full%20Stack&locations=Remote&experienceRanges=3~3&experience=3&queryDerived=true:0
[  101686ms] [WARNING] The resource https://media.foundit.in/public/core/_next/static/media/103fb0c975d13c4f-s.p.woff2 was preloaded using link preload but not used within a few seconds from the window's load event. Please make sure it has an appropriate `as` value and it is preloaded intentionally. @ https://www.foundit.in/search/senior-full-stack-jobs-in-remote?query=Senior%20Full%20Stack&locations=Remote&experienceRanges=3~3&experience=3&queryDerived=true:0
[  108088ms] [WARNING] The resource https://media.foundit.in/public/core/_next/static/media/103fb0c975d13c4f-s.p.woff2 was preloaded using link preload but not used within a few seconds from the window's load event. Please make sure it has an appropriate `as` value and it is preloaded intentionally. @ https://www.foundit.in/search/senior-full-stack-jobs-in-remote?query=Senior%20Full%20Stack&locations=Remote&experienceRanges=3~3&experience=3&queryDerived=true:0
[  116851ms] [WARNING] The resource https://media.foundit.in/public/core/_next/static/media/103fb0c975d13c4f-s.p.woff2 was preloaded using link preload but not used within a few seconds from the window's load event. Please make sure it has an appropriate `as` value and it is preloaded intentionally. @ https://www.foundit.in/search/senior-full-stack-jobs-in-remote?query=Senior%20Full%20Stack&locations=Remote&experienceRanges=3~3&experience=3&queryDerived=true:0
[  137589ms] [WARNING] The resource https://media.foundit.in/public/core/_next/static/media/103fb0c975d13c4f-s.p.woff2 was preloaded using link preload but not used within a few seconds from the window's load event. Please make sure it has an appropriate `as` value and it is preloaded intentionally. @ https://www.foundit.in/search/senior-full-stack-jobs-in-remote?query=Senior%20Full%20Stack&locations=Remote&experienceRanges=3~3&experience=3&queryDerived=true:0
[  144551ms] [WARNING] The resource https://media.foundit.in/public/core/_next/static/media/103fb0c975d13c4f-s.p.woff2 was preloaded using link preload but not used within a few seconds from the window's load event. Please make sure it has an appropriate `as` value and it is preloaded intentionally. @ https://www.foundit.in/search/senior-full-stack-jobs-in-remote?query=Senior%20Full%20Stack&locations=Remote&experienceRanges=3~3&experience=3&queryDerived=true:0
[  152993ms] [WARNING] The resource https://media.foundit.in/public/core/_next/static/media/103fb0c975d13c4f-s.p.woff2 was preloaded using link preload but not used within a few seconds from the window's load event. Please make sure it has an appropriate `as` value and it is preloaded intentionally. @ https://www.foundit.in/search/senior-full-stack-jobs-in-remote?query=Senior%20Full%20Stack&locations=Remote&experienceRanges=3~3&experience=3&queryDerived=true:0
[  163095ms] [WARNING] The resource https://media.foundit.in/public/core/_next/static/media/103fb0c975d13c4f-s.p.woff2 was preloaded using link preload but not used within a few seconds from the window's load event. Please make sure it has an appropriate `as` value and it is preloaded intentionally. @ https://www.foundit.in/search/senior-full-stack-jobs-in-remote?query=Senior%20Full%20Stack&locations=Remote&experienceRanges=3~3&experience=3&queryDerived=true:0
[  170384ms] [WARNING] Failed to execute 'postMessage' on 'DOMWindow': The target origin provided ('https://www.google.com') does not match the recipient window's origin ('https://www.foundit.in'). @ https://www.googletagmanager.com/gtm.js?id=GTM-NGL6ZM:631
[  170384ms] [WARNING] Failed to execute 'postMessage' on 'DOMWindow': The target origin provided ('https://www.youtube.com') does not match the recipient window's origin ('https://www.foundit.in'). @ https://www.googletagmanager.com/gtm.js?id=GTM-NGL6ZM:631
[  170385ms] [WARNING] Failed to execute 'postMessage' on 'DOMWindow': The target origin provided ('https://m.youtube.com') does not match the recipient window's origin ('https://www.foundit.in'). @ https://www.googletagmanager.com/gtm.js?id=GTM-NGL6ZM:631
[  174891ms] [WARNING] The resource https://media.foundit.in/public/core/_next/static/media/103fb0c975d13c4f-s.p.woff2 was preloaded using link preload but not used within a few seconds from the window's load event. Please make sure it has an appropriate `as` value and it is preloaded intentionally. @ https://www.foundit.in/search/senior-full-stack-jobs-in-remote?query=Senior%20Full%20Stack&locations=Remote&experienceRanges=3~3&experience=3&queryDerived=true:0
[  187797ms] [WARNING] The resource https://media.foundit.in/public/core/_next/static/media/103fb0c975d13c4f-s.p.woff2 was preloaded using link preload but not used within a few seconds from the window's load event. Please make sure it has an appropriate `as` value and it is preloaded intentionally. @ https://www.foundit.in/search/senior-full-stack-jobs-in-remote?query=Senior%20Full%20Stack&locations=Remote&experienceRanges=3~3&experience=3&queryDerived=true:0
[  204479ms] [WARNING] The resource https://media.foundit.in/public/core/_next/static/media/103fb0c975d13c4f-s.p.woff2 was preloaded using link preload but not used within a few seconds from the window's load event. Please make sure it has an appropriate `as` value and it is preloaded intentionally. @ https://www.foundit.in/search/senior-full-stack-jobs-in-remote?query=Senior%20Full%20Stack&locations=Remote&experienceRanges=3~3&experience=3&queryDerived=true:0
[  216092ms] [WARNING] The resource https://media.foundit.in/public/core/_next/static/media/103fb0c975d13c4f-s.p.woff2 was preloaded using link preload but not used within a few seconds from the window's load event. Please make sure it has an appropriate `as` value and it is preloaded intentionally. @ https://www.foundit.in/search/senior-full-stack-jobs-in-remote?query=Senior%20Full%20Stack&locations=Remote&experienceRanges=3~3&experience=3&queryDerived=true:0
[  226559ms] [WARNING] [Elastic APM] RUM agent is inactive @ https://media.foundit.in/public/core/_next/static/chunks/app/(Engagement)/search/%5B...slug%5D/page-fa4546eba8ef24d5.js:0
[  226747ms] [ERROR] CleverTap [1770659893736]: CleverTap error: 545: Null value for key 'utm_campaign' was removed @ https://media.foundit.in/public/core/_next/static/chunks/main-app-4e4edc63c2c4b224.js:0
[  226747ms] [ERROR] CleverTap [1770659893736]: CleverTap error: 545: Null value for key 'utm_medium' was removed @ https://media.foundit.in/public/core/_next/static/chunks/main-app-4e4edc63c2c4b224.js:0
[  226747ms] [ERROR] CleverTap [1770659893736]: CleverTap error: 545: Null value for key 'utm_source' was removed @ https://media.foundit.in/public/core/_next/static/chunks/main-app-4e4edc63c2c4b224.js:0
[  226747ms] [ERROR] CleverTap [1770659893736]: CleverTap error: 545: Null value for key 'utm_content' was removed @ https://media.foundit.in/public/core/_next/static/chunks/main-app-4e4edc63c2c4b224.js:0
[  226747ms] [ERROR] CleverTap [1770659893736]: CleverTap error: 545: Null value for key 'utm_term' was removed @ https://media.foundit.in/public/core/_next/static/chunks/main-app-4e4edc63c2c4b224.js:0
[  227061ms] [ERROR] CleverTap [1770659894050]: CleverTap error: 545: Null value for key 'experience_range_searched' was removed @ https://media.foundit.in/public/core/_next/static/chunks/main-app-4e4edc63c2c4b224.js:0
[  227061ms] [ERROR] CleverTap [1770659894051]: CleverTap error: 545: Null value for key 'jobFreshnessSearched' was removed @ https://media.foundit.in/public/core/_next/static/chunks/main-app-4e4edc63c2c4b224.js:0
[  227315ms] [ERROR] Attestation check for Attribution Reporting on https://www.facebook.com failed. @ https://www.foundit.in/search/senior-full-stack-jobs?query=Senior%20Full%20Stack&experienceRanges=3~3&experience=3&queryDerived=true:0
[  227542ms] [ERROR] Attestation check for Shared Storage on https://www.googleadservices.com failed. @ https://www.googleadservices.com/pagead/managed/js/activeview/current/reach_worklet.html:0
[  237878ms] [WARNING] The resource https://media.foundit.in/public/core/_next/static/media/103fb0c975d13c4f-s.p.woff2 was preloaded using link preload but not used within a few seconds from the window's load event. Please make sure it has an appropriate `as` value and it is preloaded intentionally. @ https://www.foundit.in/search/senior-full-stack-jobs?query=Senior%20Full%20Stack&experienceRanges=3~3&experience=3&queryDerived=true:0
[  242682ms] [WARNING] The resource https://media.foundit.in/public/core/_next/static/media/103fb0c975d13c4f-s.p.woff2 was preloaded using link preload but not used within a few seconds from the window's load event. Please make sure it has an appropriate `as` value and it is preloaded intentionally. @ https://www.foundit.in/search/senior-full-stack-jobs?query=Senior%20Full%20Stack&experienceRanges=3~3&experience=3&queryDerived=true:0
[  256499ms] [WARNING] The resource https://media.foundit.in/public/core/_next/static/media/103fb0c975d13c4f-s.p.woff2 was preloaded using link preload but not used within a few seconds from the window's load event. Please make sure it has an appropriate `as` value and it is preloaded intentionally. @ https://www.foundit.in/search/senior-full-stack-jobs?query=Senior%20Full%20Stack&experienceRanges=3~3&experience=3&queryDerived=true:0
[  261608ms] [WARNING] The resource https://media.foundit.in/public/core/_next/static/media/103fb0c975d13c4f-s.p.woff2 was preloaded using link preload but not used within a few seconds from the window's load event. Please make sure it has an appropriate `as` value and it is preloaded intentionally. @ https://www.foundit.in/search/senior-full-stack-jobs?query=Senior%20Full%20Stack&experienceRanges=3~3&experience=3&queryDerived=true:0
[  267162ms] [WARNING] The resource https://media.foundit.in/public/core/_next/static/media/103fb0c975d13c4f-s.p.woff2 was preloaded using link preload but not used within a few seconds from the window's load event. Please make sure it has an appropriate `as` value and it is preloaded intentionally. @ https://www.foundit.in/search/senior-full-stack-jobs?query=Senior%20Full%20Stack&experienceRanges=3~3&experience=3&queryDerived=true:0
[  274267ms] [WARNING] The resource https://media.foundit.in/public/core/_next/static/media/103fb0c975d13c4f-s.p.woff2 was preloaded using link preload but not used within a few seconds from the window's load event. Please make sure it has an appropriate `as` value and it is preloaded intentionally. @ https://www.foundit.in/search/senior-full-stack-jobs?query=Senior%20Full%20Stack&experienceRanges=3~3&experience=3&queryDerived=true:0
[  281767ms] [WARNING] [Elastic APM] RUM agent is inactive @ https://media.foundit.in/public/core/_next/static/chunks/app/(Engagement)/search/%5B...slug%5D/page-fa4546eba8ef24d5.js:0
[  281927ms] [ERROR] CleverTap [1770659948917]: CleverTap error: 545: Null value for key 'utm_campaign' was removed @ https://media.foundit.in/public/core/_next/static/chunks/main-app-4e4edc63c2c4b224.js:0
[  281927ms] [ERROR] CleverTap [1770659948917]: CleverTap error: 545: Null value for key 'utm_medium' was removed @ https://media.foundit.in/public/core/_next/static/chunks/main-app-4e4edc63c2c4b224.js:0
[  281927ms] [ERROR] CleverTap [1770659948917]: CleverTap error: 545: Null value for key 'utm_source' was removed @ https://media.foundit.in/public/core/_next/static/chunks/main-app-4e4edc63c2c4b224.js:0
[  281927ms] [ERROR] CleverTap [1770659948917]: CleverTap error: 545: Null value for key 'utm_content' was removed @ https://media.foundit.in/public/core/_next/static/chunks/main-app-4e4edc63c2c4b224.js:0
[  281927ms] [ERROR] CleverTap [1770659948917]: CleverTap error: 545: Null value for key 'utm_term' was removed @ https://media.foundit.in/public/core/_next/static/chunks/main-app-4e4edc63c2c4b224.js:0
[  282209ms] [ERROR] CleverTap [1770659949199]: CleverTap error: 545: Null value for key 'experience_range_searched' was removed @ https://media.foundit.in/public/core/_next/static/chunks/main-app-4e4edc63c2c4b224.js:0
[  282209ms] [ERROR] CleverTap [1770659949199]: CleverTap error: 545: Null value for key 'jobFreshnessSearched' was removed @ https://media.foundit.in/public/core/_next/static/chunks/main-app-4e4edc63c2c4b224.js:0
[  282399ms] [ERROR] Attestation check for Attribution Reporting on https://www.facebook.com failed. @ https://www.foundit.in/search/senior-full-stack-remote-jobs-in-remote?query=Senior%20Full%20Stack%20Remote&locations=Remote&experienceRanges=3~3&experience=3&queryDerived=true:0
[  283550ms] [ERROR] Attestation check for Shared Storage on https://www.googleadservices.com failed. @ https://www.googleadservices.com/pagead/managed/js/activeview/current/reach_worklet.html:0
[  290127ms] [WARNING] The resource https://media.foundit.in/public/core/_next/static/media/103fb0c975d13c4f-s.p.woff2 was preloaded using link preload but not used within a few seconds from the window's load event. Please make sure it has an appropriate `as` value and it is preloaded intentionally. @ https://www.foundit.in/search/senior-full-stack-remote-jobs-in-remote?query=Senior%20Full%20Stack%20Remote&locations=Remote&experienceRanges=3~3&experience=3&queryDerived=true:0
