[     286ms] [ERROR] ReferenceError: getCookie is not defined
    at o.getUniqueUserId (https://media.foundit.in/trex/public/theme_3/dist/js/header.js?v=20260205130223:25:626556)
    at o.created (https://media.foundit.in/trex/public/theme_3/dist/js/header.js?v=20260205130223:25:623707)
    at Cn (https://media.foundit.in/trex/public/theme_3/dist/js/header.js?v=20260205130223:12:21823)
    at Jt (https://media.foundit.in/trex/public/theme_3/dist/js/header.js?v=20260205130223:12:18923)
    at t._init (https://media.foundit.in/trex/public/theme_3/dist/js/header.js?v=20260205130223:12:42207)
    at new o (https://media.foundit.in/trex/public/theme_3/dist/js/header.js?v=20260205130223:12:46904)
    at https://media.foundit.in/trex/public/theme_3/dist/js/header.js?v=20260205130223:12:32912
    at init (https://media.foundit.in/trex/public/theme_3/dist/js/header.js?v=20260205130223:12:32943)
    at https://media.foundit.in/trex/public/theme_3/dist/js/header.js?v=20260205130223:12:67494
    at p (https://media.foundit.in/trex/public/theme_3/dist/js/header.js?v=20260205130223:12:67770) @ https://media.foundit.in/trex/public/theme_3/dist/js/header.js?v=20260205130223:11
[     462ms] [WARNING] The PerformanceObserver does not support buffered flag with the entryTypes argument. @ https://media.foundit.in/trex/search/public/js/applied-successful-v3.js?version=20250325195535:18
[     712ms] [ERROR] CleverTap [1770659811618]: CleverTap error: 545: Null value for key 'utm_campaign' was removed @ https://d2r1yp2w7bby2u.cloudfront.net/js/clevertap.min.js:14
[     712ms] [ERROR] CleverTap [1770659811619]: CleverTap error: 545: Null value for key 'utm_medium' was removed @ https://d2r1yp2w7bby2u.cloudfront.net/js/clevertap.min.js:14
[     712ms] [ERROR] CleverTap [1770659811619]: CleverTap error: 545: Null value for key 'utm_source' was removed @ https://d2r1yp2w7bby2u.cloudfront.net/js/clevertap.min.js:14
[     712ms] [ERROR] CleverTap [1770659811619]: CleverTap error: 545: Null value for key 'utm_content' was removed @ https://d2r1yp2w7bby2u.cloudfront.net/js/clevertap.min.js:14
[     712ms] [ERROR] CleverTap [1770659811619]: CleverTap error: 545: Null value for key 'utm_term' was removed @ https://d2r1yp2w7bby2u.cloudfront.net/js/clevertap.min.js:14
[    1218ms] [WARNING] [Meta Pixel] - Duplicate Pixel ID: 970854172990362. @ https://connect.facebook.net/en_US/fbevents.js:171
[    1483ms] [ERROR] Attestation check for Attribution Reporting on https://www.facebook.com failed. @ https://www.foundit.in/srp/applied-success?id=44029742&:0
[    1493ms] [ERROR] Attestation check for Attribution Reporting on https://www.facebook.com failed. @ https://www.foundit.in/srp/applied-success?id=44029742&:0
[    2499ms] [WARNING] The PerformanceObserver does not support buffered flag with the entryTypes argument. @ https://media.foundit.in/trex/search/public/js/applied-successful-v3.js?version=20250325195535:18
