[     551ms] [ERROR] getCurrentUser failed @ https://cdnv2.cutshort.io/_next/static/chunks/pages/_app-533ce6c808c601ec.js:31
[     551ms] [ERROR] SyntaxError: Unexpected token '<', "<!DOCTYPE "... is not valid JSON @ https://cdnv2.cutshort.io/_next/static/chunks/pages/_app-533ce6c808c601ec.js:31
[    1322ms] [ERROR] %c%d font-size:0;color:transparent NaN @ https://challenges.cloudflare.com/cdn-cgi/challenge-platform/h/b/turnstile/f/ov2/av0/rch/mnncq/0x4AAAAAAAIHogFqfiXHRB04/auto/fbE/new/normal?lang=auto:0
[    1323ms] [ERROR] %c%d font-size:0;color:transparent NaN @ https://challenges.cloudflare.com/cdn-cgi/challenge-platform/h/b/turnstile/f/ov2/av0/rch/mnncq/0x4AAAAAAAIHogFqfiXHRB04/auto/fbE/new/normal?lang=auto:0
[    1324ms] [WARNING] %c%d font-size:0;color:transparent NaN @ https://challenges.cloudflare.com/cdn-cgi/challenge-platform/h/b/turnstile/f/ov2/av0/rch/mnncq/0x4AAAAAAAIHogFqfiXHRB04/auto/fbE/new/normal?lang=auto:0
[    1324ms] [WARNING] %c%d font-size:0;color:transparent NaN @ https://challenges.cloudflare.com/cdn-cgi/challenge-platform/h/b/turnstile/f/ov2/av0/rch/mnncq/0x4AAAAAAAIHogFqfiXHRB04/auto/fbE/new/normal?lang=auto:0
[    1478ms] [ERROR] Failed to load resource: the server responded with a status of 401 () @ https://challenges.cloudflare.com/cdn-cgi/challenge-platform/h/b/pat/9cb55dcb2c9a1431/1770661076060/ad951e4df73e5e805196caf13763de92e2410bdad4403c875e50e787cbcc7386/RETJyIAmGbQI5sS:0
[    1498ms] [WARNING] Failed to create WebGPU Context Provider @ https://challenges.cloudflare.com/cdn-cgi/challenge-platform/h/b/turnstile/f/ov2/av0/rch/mnncq/0x4AAAAAAAIHogFqfiXHRB04/auto/fbE/new/normal?lang=auto:0
[    1539ms] [ERROR]  Note that 'script-src' was not explicitly set, so 'default-src' is used as a fallback. @ https://challenges.cloudflare.com/cdn-cgi/challenge-platform/h/b/turnstile/f/ov2/av0/rch/mnncq/0x4AAAAAAAIHogFqfiXHRB04/auto/fbE/new/normal?lang=auto:0
[    4955ms] [WARNING] The resource https://challenges.cloudflare.com/cdn-cgi/challenge-platform/h/b/cmg/1 was preloaded using link preload but not used within a few seconds from the window's load event. Please make sure it has an appropriate `as` value and it is preloaded intentionally. @ https://challenges.cloudflare.com/cdn-cgi/challenge-platform/h/b/turnstile/f/ov2/av0/rch/mnncq/0x4AAAAAAAIHogFqfiXHRB04/auto/fbE/new/normal?lang=auto:0
[    6392ms] [ERROR] Refused to load the script 'https://sc.lfeeder.com/lftracker_v1_YEgkB8lPjwW8ep3Z.js' because it violates the following Content Security Policy directive: "script-src 'self' 'unsafe-inline' 'unsafe-eval'  https://www.google.com  https://www.gstatic.com   https://www.googletagmanager.com     https://www.google-analytics.com     https://cutshort.io     https://*.cutshort.io     https://*.linkedin.com     https://*.licdn.com     https://*.jsdelivr.net     https://*.hubapi.com     https://*.socket.io     https://*.tawk.to     https://*.doubleclick.net     https://*.cloudflareinsights.com     https://challenges.cloudflare.com     https://*.cloudfront.net     https://*.useproof.com     https://*.crisp.chat     https://*.facebook.net     https://*.clarity.ms     https://*.twitter.com     https://*.cloudflare.com     https://*.x.com     https://*.amazonaws.com     https://*.hs-analytics.net     https://*.hsadspixel.net     https://*.wisernotify.com     https://*.wisermapp.com     https://*.hs-banner.com     https://*.hs-scripts.com https://js.hsforms.net". Note that 'script-src-elem' was not explicitly set, so 'script-src' is used as a fallback.
 @ :0
[   25649ms] [ERROR] Cross-Origin-Opener-Policy policy would block the window.closed call. @ https://cdnv2.cutshort.io/_next/static/chunks/pages/_app-533ce6c808c601ec.js:7
[   25649ms] [ERROR] Cross-Origin-Opener-Policy policy would block the window.closed call. @ https://cdnv2.cutshort.io/_next/static/chunks/pages/_app-533ce6c808c601ec.js:7
[   32648ms] [ERROR] Cross-Origin-Opener-Policy policy would block the window.closed call. @ https://cdnv2.cutshort.io/_next/static/chunks/pages/_app-533ce6c808c601ec.js:7
[   32648ms] [ERROR] Cross-Origin-Opener-Policy policy would block the window.closed call. @ https://cdnv2.cutshort.io/_next/static/chunks/pages/_app-533ce6c808c601ec.js:7
[   33342ms] [ERROR] Failed to load resource: the server responded with a status of 404 () @ https://cutshort.io/_next/data/ddSeQrho0TlITHVDgVpf4/profile/candidate-dashboard.json?slug=candidate-dashboard:0
[   33349ms] [ERROR] Error: Failed to load static props
    at https://cdnv2.cutshort.io/_next/static/chunks/main-74bd773780787942.js:1:47098 @ https://cdnv2.cutshort.io/_next/static/chunks/pages/_app-533ce6c808c601ec.js:31
[   34834ms] [WARNING] Failed to create WebGPU Context Provider @ https://challenges.cloudflare.com/cdn-cgi/challenge-platform/h/b/turnstile/f/ov2/av0/rch/ipslu/0x4AAAAAAAIHogFqfiXHRB04/auto/fbE/new/normal?lang=auto:0
[   34957ms] [ERROR] %c%d font-size:0;color:transparent NaN @ https://challenges.cloudflare.com/cdn-cgi/challenge-platform/h/b/turnstile/f/ov2/av0/rch/ipslu/0x4AAAAAAAIHogFqfiXHRB04/auto/fbE/new/normal?lang=auto:0
[   34957ms] [ERROR] %c%d font-size:0;color:transparent NaN @ https://challenges.cloudflare.com/cdn-cgi/challenge-platform/h/b/turnstile/f/ov2/av0/rch/ipslu/0x4AAAAAAAIHogFqfiXHRB04/auto/fbE/new/normal?lang=auto:0
[   34960ms] [WARNING] %c%d font-size:0;color:transparent NaN @ https://challenges.cloudflare.com/cdn-cgi/challenge-platform/h/b/turnstile/f/ov2/av0/rch/ipslu/0x4AAAAAAAIHogFqfiXHRB04/auto/fbE/new/normal?lang=auto:0
[   34960ms] [WARNING] %c%d font-size:0;color:transparent NaN @ https://challenges.cloudflare.com/cdn-cgi/challenge-platform/h/b/turnstile/f/ov2/av0/rch/ipslu/0x4AAAAAAAIHogFqfiXHRB04/auto/fbE/new/normal?lang=auto:0
[   35039ms] [ERROR]  Note that 'script-src' was not explicitly set, so 'default-src' is used as a fallback. @ https://challenges.cloudflare.com/cdn-cgi/challenge-platform/h/b/turnstile/f/ov2/av0/rch/ipslu/0x4AAAAAAAIHogFqfiXHRB04/auto/fbE/new/normal?lang=auto:0
[   35255ms] [ERROR] Failed to load resource: the server responded with a status of 401 () @ https://challenges.cloudflare.com/cdn-cgi/challenge-platform/h/b/pat/9cb55e9b6fad7ec7/1770661109408/955a046c08f928baddeb8dac3f7dfed6e868f9b383c15011dc05e759edc14ab3/EO-SwL9rJww22I8:0
[   38553ms] [WARNING] The resource https://challenges.cloudflare.com/cdn-cgi/challenge-platform/h/b/cmg/1 was preloaded using link preload but not used within a few seconds from the window's load event. Please make sure it has an appropriate `as` value and it is preloaded intentionally. @ https://challenges.cloudflare.com/cdn-cgi/challenge-platform/h/b/turnstile/f/ov2/av0/rch/ipslu/0x4AAAAAAAIHogFqfiXHRB04/auto/fbE/new/normal?lang=auto:0
