[     250ms] [ERROR] ReferenceError: getCookie is not defined
    at o.getUniqueUserId (https://media.foundit.in/trex/public/theme_3/dist/js/header.js?v=20260205130223:25:626556)
    at o.created (https://media.foundit.in/trex/public/theme_3/dist/js/header.js?v=20260205130223:25:623707)
    at Cn (https://media.foundit.in/trex/public/theme_3/dist/js/header.js?v=20260205130223:12:21823)
    at Jt (https://media.foundit.in/trex/public/theme_3/dist/js/header.js?v=20260205130223:12:18923)
    at t._init (https://media.foundit.in/trex/public/theme_3/dist/js/header.js?v=20260205130223:12:42207)
    at new o (https://media.foundit.in/trex/public/theme_3/dist/js/header.js?v=20260205130223:12:46904)
    at https://media.foundit.in/trex/public/theme_3/dist/js/header.js?v=20260205130223:12:32912
    at init (https://media.foundit.in/trex/public/theme_3/dist/js/header.js?v=20260205130223:12:32943)
    at https://media.foundit.in/trex/public/theme_3/dist/js/header.js?v=20260205130223:12:67494
    at p (https://media.foundit.in/trex/public/theme_3/dist/js/header.js?v=20260205130223:12:67770) @ https://media.foundit.in/trex/public/theme_3/dist/js/header.js?v=20260205130223:11
[     533ms] [WARNING] The PerformanceObserver does not support buffered flag with the entryTypes argument. @ https://media.foundit.in/trex/search/public/js/applied-successful-v3.js?version=20250325195535:18
[     814ms] [ERROR] CleverTap [1770660926249]: CleverTap error: 545: Null value for key 'utm_campaign' was removed @ https://d2r1yp2w7bby2u.cloudfront.net/js/clevertap.min.js:14
[     814ms] [ERROR] CleverTap [1770660926249]: CleverTap error: 545: Null value for key 'utm_medium' was removed @ https://d2r1yp2w7bby2u.cloudfront.net/js/clevertap.min.js:14
[     815ms] [ERROR] CleverTap [1770660926249]: CleverTap error: 545: Null value for key 'utm_source' was removed @ https://d2r1yp2w7bby2u.cloudfront.net/js/clevertap.min.js:14
[     815ms] [ERROR] CleverTap [1770660926249]: CleverTap error: 545: Null value for key 'utm_content' was removed @ https://d2r1yp2w7bby2u.cloudfront.net/js/clevertap.min.js:14
[     815ms] [ERROR] CleverTap [1770660926249]: CleverTap error: 545: Null value for key 'utm_term' was removed @ https://d2r1yp2w7bby2u.cloudfront.net/js/clevertap.min.js:14
[     966ms] [ERROR] TypeError: Cannot read properties of null (reading 'question')
    at o.O (https://media.foundit.in/trex/search/public/js/applied-successful-v3.js?version=20250325195535:343:70975)
    at e._render (https://media.foundit.in/trex/search/public/js/applied-successful-v3.js?version=20250325195535:14:44753)
    at Gn.before (https://media.foundit.in/trex/search/public/js/applied-successful-v3.js?version=20250325195535:14:79207)
    at e.get (https://media.foundit.in/trex/search/public/js/applied-successful-v3.js?version=20250325195535:14:27727)
    at new e (https://media.foundit.in/trex/search/public/js/applied-successful-v3.js?version=20250325195535:14:27640)
    at https://media.foundit.in/trex/search/public/js/applied-successful-v3.js?version=20250325195535:14:79175
    at Sa.$mount (https://media.foundit.in/trex/search/public/js/applied-successful-v3.js?version=20250325195535:14:79428)
    at Sa.$mount (https://media.foundit.in/trex/search/public/js/applied-successful-v3.js?version=20250325195535:14:106614)
    at init (https://media.foundit.in/trex/search/public/js/applied-successful-v3.js?version=20250325195535:14:33008)
    at https://media.foundit.in/trex/search/public/js/applied-successful-v3.js?version=20250325195535:14:67550 @ https://media.foundit.in/trex/search/public/js/applied-successful-v3.js?version=20250325195535:13
[     969ms] [ERROR] TypeError: Cannot read properties of null (reading 'question')
    at o.O (https://media.foundit.in/trex/search/public/js/applied-successful-v3.js?version=20250325195535:343:70975)
    at e._render (https://media.foundit.in/trex/search/public/js/applied-successful-v3.js?version=20250325195535:14:44753)
    at Gn.before (https://media.foundit.in/trex/search/public/js/applied-successful-v3.js?version=20250325195535:14:79207)
    at e.get (https://media.foundit.in/trex/search/public/js/applied-successful-v3.js?version=20250325195535:14:27727)
    at e.run (https://media.foundit.in/trex/search/public/js/applied-successful-v3.js?version=20250325195535:14:28460)
    at sn (https://media.foundit.in/trex/search/public/js/applied-successful-v3.js?version=20250325195535:14:19428)
    at Array.<anonymous> (https://media.foundit.in/trex/search/public/js/applied-successful-v3.js?version=20250325195535:14:22813)
    at kn (https://media.foundit.in/trex/search/public/js/applied-successful-v3.js?version=20250325195535:14:22257) @ https://media.foundit.in/trex/search/public/js/applied-successful-v3.js?version=20250325195535:13
[    1229ms] [WARNING] [Meta Pixel] - Duplicate Pixel ID: 970854172990362. @ https://connect.facebook.net/en_US/fbevents.js:171
[    1502ms] [ERROR] Attestation check for Attribution Reporting on https://www.facebook.com failed. @ https://www.foundit.in/srp/applied-success?id=35436238&:0
[    1503ms] [ERROR] Attestation check for Attribution Reporting on https://www.facebook.com failed. @ https://www.foundit.in/srp/applied-success?id=35436238&:0
[    2255ms] [WARNING] The PerformanceObserver does not support buffered flag with the entryTypes argument. @ https://media.foundit.in/trex/search/public/js/applied-successful-v3.js?version=20250325195535:18
