[     375ms] [WARNING] <link rel=preload> has an invalid `href` value @ https://www.hirist.tech/j/ai-implementation-developer-frontend-engineering-1610882?ref=rl&pref=sp&jobPos=10:14
[     991ms] [WARNING] Manifest: property 'start_url' ignored, should be same origin as document. @ https://js-static.hirist.tech/production/3.0.9/manifest.json:0
[     991ms] [WARNING] Manifest: property 'scope' ignored. Start url should be within scope of scope URL. @ https://js-static.hirist.tech/production/3.0.9/manifest.json:0
[    1103ms] [ERROR] Failed to load resource: the server responded with a status of 403 () @ https://api-chat.hirist.tech/v1/permission?userId=:0
[    1107ms] Uncaught (in promise) Error: Request failed with status code 403
    at e.exports (https://recruiter-hirist-static-content.s3.ap-south-1.amazonaws.com/Chat/Production/Jobseeker/v2/sticky-chat/bundle.min.js?query=v10:0:321056)
    at e.exports (https://recruiter-hirist-static-content.s3.ap-south-1.amazonaws.com/Chat/Production/Jobseeker/v2/sticky-chat/bundle.min.js?query=v10:0:541516)
    at h.onreadystatechange (https://recruiter-hirist-static-content.s3.ap-south-1.amazonaws.com/Chat/Production/Jobseeker/v2/sticky-chat/bundle.min.js?query=v10:0:320074)
[    2573ms] [ERROR] Failed to load resource: net::ERR_FAILED @ https://js-static.hirist.tech/production/3.0.9/_next/static/css/19b1af8f0b36dba8.css:0
[   14598ms] [WARNING] <link rel=preload> has an invalid `href` value @ https://www.hirist.tech/job/applied?jobId=1610882&ref=rl&jobPos=10&pref=sp:14
[   15092ms] [WARNING] Manifest: property 'start_url' ignored, should be same origin as document. @ https://js-static.hirist.tech/production/3.0.9/manifest.json:0
[   15092ms] [WARNING] Manifest: property 'scope' ignored. Start url should be within scope of scope URL. @ https://js-static.hirist.tech/production/3.0.9/manifest.json:0
[   15708ms] [ERROR] Failed to load resource: the server responded with a status of 403 () @ https://api-chat.hirist.tech/v1/permission?userId=:0
[   15934ms] Uncaught (in promise) Error: Request failed with status code 403
    at e.exports (https://recruiter-hirist-static-content.s3.ap-south-1.amazonaws.com/Chat/Production/Jobseeker/v2/sticky-chat/bundle.min.js?query=v10:0:321056)
    at e.exports (https://recruiter-hirist-static-content.s3.ap-south-1.amazonaws.com/Chat/Production/Jobseeker/v2/sticky-chat/bundle.min.js?query=v10:0:541516)
    at h.onreadystatechange (https://recruiter-hirist-static-content.s3.ap-south-1.amazonaws.com/Chat/Production/Jobseeker/v2/sticky-chat/bundle.min.js?query=v10:0:320074)
[   79814ms] [WARNING] <link rel=preload> has an invalid `href` value @ https://www.hirist.tech/search/ai-engineer-jobs?loc=&minexp=&maxexp=&posting=&category=&searchType=&method=&pref=sp:14
[   80240ms] [ERROR] Failed to load resource: the server responded with a status of 502 () @ https://logs.hirist.tech/collectorapi/v1/uba/bulk:0
[   80415ms] [WARNING] Manifest: property 'start_url' ignored, should be same origin as document. @ https://js-static.hirist.tech/production/3.0.9/manifest.json:0
[   80415ms] [WARNING] Manifest: property 'scope' ignored. Start url should be within scope of scope URL. @ https://js-static.hirist.tech/production/3.0.9/manifest.json:0
[   80697ms] [ERROR] Failed to load resource: the server responded with a status of 403 () @ https://api-chat.hirist.tech/v1/permission?userId=:0
[   80706ms] Uncaught (in promise) Error: Request failed with status code 403
    at e.exports (https://recruiter-hirist-static-content.s3.ap-south-1.amazonaws.com/Chat/Production/Jobseeker/v2/sticky-chat/bundle.min.js?query=v10:0:321056)
    at e.exports (https://recruiter-hirist-static-content.s3.ap-south-1.amazonaws.com/Chat/Production/Jobseeker/v2/sticky-chat/bundle.min.js?query=v10:0:541516)
    at h.onreadystatechange (https://recruiter-hirist-static-content.s3.ap-south-1.amazonaws.com/Chat/Production/Jobseeker/v2/sticky-chat/bundle.min.js?query=v10:0:320074)
